Build started 9/30/2015 2:30:10 PM.
     1>Project "C:\Users\fiyyan.p\Documents\Visual Studio 2015\Projects\CGI\TurnOn\TurnOn.vcxproj" on node 2 (Build target(s)).
     1>ClCompile:
         C:\Program Files (x86)\Microsoft Visual Studio 12.0\VC\bin\CL.exe /c /I"C:\Users\fiyyan.p\Documents\Visual Studio 2015\Projects\CGI\dependencies\include" /ZI /nologo /W3 /WX- /sdl /Od /Oy- /D WIN32 /D _DEBUG /D _CONSOLE /D _USING_V110_SDK71_ /D _UNICODE /D UNICODE /Gm /EHsc /RTC1 /MDd /GS /fp:precise /Zc:wchar_t /Zc:forScope /Yu"stdafx.h" /Fp"Debug\TurnOn.pch" /Fo"Debug\\" /Fd"Debug\vc120.pdb" /Gd /TP /analyze- /errorReport:prompt ..\dependencies\include\Serial.cpp TurnOn.cpp
         TurnOn.cpp
     1>c:\users\fiyyan.p\documents\visual studio 2015\projects\cgi\turnon\turnon.cpp(4): warning C4603: 'STRICT' : macro is not defined or definition is different after precompiled header use
                 Add macro to precompiled header instead of defining here
                 c:\users\fiyyan.p\documents\visual studio 2015\projects\cgi\turnon\turnon.cpp(5) : use of precompiled header
         Serial.cpp
     1>c:\users\fiyyan.p\documents\visual studio 2015\projects\cgi\dependencies\include\serial.cpp(23): warning C4603: 'STRICT' : macro is not defined or definition is different after precompiled header use
                 Add macro to precompiled header instead of defining here
                 c:\users\fiyyan.p\documents\visual studio 2015\projects\cgi\dependencies\include\serial.cpp(24) : use of precompiled header
         Generating Code...
       Link:
         C:\Program Files (x86)\Microsoft Visual Studio 12.0\VC\bin\link.exe /ERRORREPORT:PROMPT /OUT:"C:\Users\fiyyan.p\Documents\Visual Studio 2015\Projects\CGI\Debug\TurnOn.exe" /INCREMENTAL /NOLOGO kernel32.lib user32.lib gdi32.lib winspool.lib comdlg32.lib advapi32.lib shell32.lib ole32.lib oleaut32.lib uuid.lib odbc32.lib odbccp32.lib /MANIFEST /MANIFESTUAC:"level='asInvoker' uiAccess='false'" /manifest:embed /DEBUG /PDB:"C:\Users\fiyyan.p\Documents\Visual Studio 2015\Projects\CGI\Debug\TurnOn.pdb" /SUBSYSTEM:CONSOLE,"5.01" /TLBID:1 /DYNAMICBASE /NXCOMPAT /IMPLIB:"C:\Users\fiyyan.p\Documents\Visual Studio 2015\Projects\CGI\Debug\TurnOn.lib" /MACHINE:X86 Debug\Serial.obj
         Debug\stdafx.obj
         Debug\TurnOn.obj
         TurnOn.vcxproj -> C:\Users\fiyyan.p\Documents\Visual Studio 2015\Projects\CGI\Debug\TurnOn.exe
     1>Done Building Project "C:\Users\fiyyan.p\Documents\Visual Studio 2015\Projects\CGI\TurnOn\TurnOn.vcxproj" (Build target(s)).

Build succeeded.

Time Elapsed 00:00:02.67
